20:53:02 INFO  MIDI: 2 devices found
20:53:02 DEBUG MIDI reader thread started for: MOTU M Series MIDI In 0
20:53:02 INFO  MIDI connected: MOTU M Series MIDI In 0
20:53:02 INFO  IReal Studio ready. Press R to record.
20:53:40 DEBUG Closing MIDI port: MOTU M Series MIDI In 0
20:53:40 DEBUG MIDI reader thread stopped
23:07:07 INFO  MIDI: 1 device found
23:07:07 DEBUG MIDI reader thread started for: MOTU M Series MIDI In 0
23:07:07 INFO  MIDI connected: MOTU M Series MIDI In 0
23:07:58 INFO  IReal Studio ready. Denizian blues. Press R to record.
23:08:01 INFO  bar 1 beat 2
23:08:02 INFO  bar 1 beat 1
23:08:25 INFO  MIDI devices refreshed
23:08:39 INFO  MIDI devices refreshed
23:08:41 DEBUG MIDI reader thread stopped
23:08:41 DEBUG MIDI reader thread started for: Nord Piano 6 MIDI 1
23:08:41 INFO  MIDI connected: Nord Piano 6 MIDI 1
23:08:41 INFO  MIDI: Nord Piano 6 MIDI 1
23:08:48 INFO  bar 1 beat 1
23:08:48 INFO  bar 1 beat 1
23:08:53 INFO  One
23:08:54 INFO  Two
23:08:54 INFO  Three
23:08:54 INFO  Four
23:08:54 INFO  One
23:08:55 INFO  Two
23:08:55 INFO  Three
23:08:55 INFO  Four
23:08:56 INFO  Recording
23:09:05 INFO  G6 at 9 colon 3
23:09:07 INFO  Dm7/C at 11 colon 4
23:09:12 INFO  Already active
23:09:15 INFO  Stopped
23:09:17 INFO  G6 bar 9 beat 3
23:09:17 INFO  bar 9 beat 2
23:09:17 INFO  bar 9 beat 1
23:09:18 INFO  bar 8 beat 4
23:09:18 INFO  bar 8 beat 3
23:09:18 INFO  bar 8 beat 2
23:09:18 INFO  bar 8 beat 1
23:09:18 INFO  bar 7 beat 4
23:09:19 INFO  bar 7 beat 3
23:09:20 INFO  bar 7 beat 2
23:09:20 INFO  bar 7 beat 1
23:09:21 INFO  bar 6 beat 4
23:09:21 INFO  bar 6 beat 3
23:09:21 INFO  bar 6 beat 2
23:09:21 INFO  bar 6 beat 1
23:09:21 INFO  bar 5 beat 4
23:09:21 INFO  bar 5 beat 3
23:09:23 INFO  bar 5 beat 2
23:09:23 INFO  bar 5 beat 1
23:09:23 INFO  bar 4 beat 4
23:09:23 INFO  bar 4 beat 3
23:09:24 INFO  bar 4 beat 2
23:09:24 INFO  bar 4 beat 1
23:09:24 INFO  bar 3 beat 4
23:09:24 INFO  bar 3 beat 3
23:09:24 INFO  bar 3 beat 2
23:09:24 INFO  bar 3 beat 1
23:09:24 INFO  bar 2 beat 4
23:09:24 INFO  bar 2 beat 3
23:09:24 INFO  bar 2 beat 2
23:09:24 INFO  bar 2 beat 1
23:09:24 INFO  bar 1 beat 4
23:09:24 INFO  bar 1 beat 3
23:09:25 INFO  bar 1 beat 2
23:09:26 INFO  bar 1 beat 1
23:09:26 INFO  bar 1 beat 1
23:09:26 INFO  bar 1 beat 1
23:09:26 INFO  bar 1 beat 1
23:09:26 INFO  bar 1 beat 1
23:09:26 INFO  bar 1 beat 1
23:09:26 INFO  bar 1 beat 1
23:09:26 INFO  bar 1 beat 1
23:09:26 INFO  bar 1 beat 1
23:09:26 INFO  bar 1 beat 1
23:09:29 INFO  G6 bar 9 beat 3
23:09:29 INFO  Dm7/C bar 11 beat 4
23:09:29 INFO  bar 12 beat 1
23:09:30 INFO  Dm7/C bar 11 beat 4
23:09:31 INFO  G6 bar 9 beat 3
23:09:31 INFO  bar 9 beat 2
23:09:31 INFO  bar 9 beat 1
23:09:32 INFO  G6 bar 9 beat 3
23:09:32 INFO  bar 9 beat 2
23:09:33 INFO  bar 9 beat 1
23:09:33 INFO  bar 8 beat 4
23:09:33 INFO  bar 8 beat 3
23:09:33 INFO  bar 8 beat 2
23:09:33 INFO  bar 8 beat 1
23:09:33 INFO  bar 7 beat 4
23:09:33 INFO  bar 7 beat 3
23:09:33 INFO  bar 7 beat 2
23:09:33 INFO  bar 7 beat 1
23:09:33 INFO  bar 6 beat 4
23:09:33 INFO  bar 6 beat 3
23:09:33 INFO  bar 6 beat 2
23:09:33 INFO  bar 6 beat 1
23:09:34 INFO  bar 5 beat 4
23:09:34 INFO  bar 5 beat 3
23:09:34 INFO  G6 bar 9 beat 3
23:09:38 INFO  bar 9 beat 2
23:09:38 INFO  G6 bar 9 beat 3
23:09:41 DEBUG Closing MIDI port: Nord Piano 6 MIDI 1
23:09:41 DEBUG MIDI reader thread stopped
21:45:12 INFO  MIDI: 1 device found
21:45:12 DEBUG MIDI reader thread started for: Nord Piano 6 MIDI 0
21:45:12 INFO  MIDI connected: Nord Piano 6 MIDI 0
21:46:03 INFO  IReal Studio ready. Denizian changes. Press R to record.
21:46:10 INFO  One
21:46:11 INFO  Two
21:46:11 INFO  Three
21:46:12 INFO  Four
21:46:12 INFO  One
21:46:12 INFO  Two
21:46:13 INFO  Three
21:46:13 INFO  Four
21:46:13 INFO  Recording
21:46:18 INFO  Cm(no5)/Eb at 4 colon 2
21:46:27 INFO  F7/Eb at 10 colon 2
21:46:30 INFO  F7 at 12 colon 2
21:46:31 INFO  F7 at 13 colon 2
21:46:32 INFO  F7 at 14 colon 1
21:46:34 INFO  F7/Eb at 15 colon 4
21:46:38 INFO  F7 at 17 colon 4
21:46:39 INFO  F7 at 18 colon 4
21:46:40 INFO  F7/Eb at 20 colon 1
21:46:48 INFO  F7/Eb at 25 colon 1
21:46:53 INFO  Already active
21:46:55 INFO  Stopped
21:46:57 INFO  Stopped
21:46:58 INFO  Stopped
21:46:58 INFO  Stopped
21:47:03 DEBUG Closing MIDI port: Nord Piano 6 MIDI 0
21:47:03 DEBUG MIDI reader thread stopped
23:41:14 INFO  MIDI: 1 device found
23:41:14 DEBUG MIDI reader thread started for: Nord Piano 6 MIDI 0
23:41:14 INFO  MIDI connected: Nord Piano 6 MIDI 0
23:41:19 INFO  IReal Studio ready. My Progression. Press R to record.
23:41:22 INFO  One
23:41:23 INFO  Two
23:41:23 INFO  Three
23:41:24 INFO  Four
23:41:24 INFO  One
23:41:25 INFO  Two
23:41:25 INFO  Three
23:41:26 INFO  Four
23:41:26 INFO  Recording
23:41:27 INFO  Cm at 1 colon 2
23:41:29 INFO  F/C at 2 colon 2
23:41:31 INFO  Cm at 3 colon 2
23:41:33 INFO  C7 at 4 colon 1
23:41:35 INFO  F at 5 colon 2
23:41:37 INFO  Fm9 at 6 colon 2
23:41:39 INFO  Em7 at 7 colon 2
23:41:41 INFO  Dm7 at 8 colon 2
23:41:47 INFO  G7 at 11 colon 2
23:41:50 INFO  G7 at 13 colon 1
23:41:51 INFO  G7 at 13 colon 3
23:41:53 INFO  Already active
23:41:54 INFO  Already active
23:41:55 INFO  Stopped
23:41:56 DEBUG Closing MIDI port: Nord Piano 6 MIDI 0
23:41:56 DEBUG MIDI reader thread stopped
09:49:40 INFO  No MIDI input devices found
09:49:53 INFO  IReal Studio ready. My Progression. Press R to record.
09:49:58 INFO  Beat offset 215 milliseconds
09:49:58 INFO  Beat offset 250 milliseconds
09:49:59 INFO  Beat offset 272 milliseconds
09:49:59 INFO  Beat offset 212 milliseconds
09:50:01 INFO  Beat offset 416 milliseconds
09:50:01 INFO  Beat offset 202 milliseconds
09:50:02 INFO  Beat offset 431 milliseconds
09:50:04 INFO  Beat offset 143 milliseconds
09:50:04 INFO  Beat offset 464 milliseconds
09:50:05 INFO  Beat offset 500 milliseconds
09:50:05 INFO  Beat offset 349 milliseconds
09:50:06 INFO  Beat offset 144 milliseconds
09:50:08 INFO  Beat offset 180 milliseconds
09:50:08 INFO  Beat offset 184 milliseconds
09:50:09 INFO  Beat offset 181 milliseconds
09:50:17 INFO  One
09:50:17 INFO  Two
09:50:18 INFO  Three
09:50:18 INFO  Four
09:50:19 INFO  One
09:50:19 INFO  Two
09:50:20 INFO  Three
09:50:20 INFO  Beat offset 367 milliseconds
09:50:20 INFO  Four
09:50:21 INFO  Recording
09:50:22 INFO  Beat offset 22 milliseconds
09:50:22 INFO  Beat offset 478 milliseconds
09:50:23 INFO  Beat offset 461 milliseconds
09:50:26 INFO  Stopped
09:50:34 INFO  Beat offset 485 milliseconds
09:50:37 INFO  Beat offset 431 milliseconds
09:50:37 INFO  Beat offset 385 milliseconds
09:50:38 INFO  Beat offset 513 milliseconds
09:50:39 INFO  Beat offset 114 milliseconds
09:50:40 INFO  Beat offset 226 milliseconds
09:50:40 INFO  Beat offset 173 milliseconds
09:50:41 INFO  Beat offset 190 milliseconds
09:50:45 DEBUG Closing MIDI port: 
10:56:11 INFO  MIDI: 1 device found
10:56:11 DEBUG MIDI reader thread started for: Nord Piano 6 MIDI 0
10:56:11 INFO  MIDI connected: Nord Piano 6 MIDI 0
10:56:14 INFO  IReal Studio ready. My Progression. Press R to record.
10:56:16 INFO  bar 1 beat 1
10:56:17 INFO  bar 1 beat 1
10:56:18 INFO  bar 1 beat 1
10:56:18 INFO  bar 1 beat 1
10:56:19 INFO  bar 1 beat 1
10:56:19 INFO  bar 1 beat 1
10:56:21 INFO  C
10:56:22 INFO  C
10:56:24 INFO  C7
10:56:25 INFO  C7
10:56:29 INFO  C7
10:56:31 INFO  C7(13)
10:56:32 INFO  C7
10:56:34 INFO  C7
10:56:36 INFO  C7
10:56:39 INFO  C7(13)
10:56:43 INFO  C7
10:56:45 INFO  C
10:56:46 INFO  Cmaj7
10:56:49 INFO  C6
10:56:52 INFO  C7(13)
10:56:57 INFO  CmM7(9)
10:57:00 INFO  CmM7(9)
10:57:05 INFO  Cm7(9)
10:57:06 INFO  CmM7(9)
10:57:11 INFO  Cm(9)
10:57:13 INFO  Cm(9)
10:57:19 INFO  CmM7(9#11)
10:57:27 INFO  Dm7b5
10:57:29 INFO  G7
10:57:30 INFO  CmM7(9)
10:57:32 INFO  A7(13)
10:57:33 INFO  Aaug7
10:57:35 INFO  Aaug7
10:57:39 INFO  A7sus4(13)
10:57:42 INFO  D7sus4
10:57:44 INFO  Dm7(13)
10:57:47 INFO  D7sus4
10:57:48 INFO  C7sus4
10:57:48 INFO  D#7sus4
10:57:49 INFO  F7sus4
10:57:49 INFO  G7sus4
10:57:50 INFO  G#7sus4
10:57:51 INFO  F7sus4
10:57:51 INFO  G7sus4
10:57:52 INFO  C#
10:57:52 INFO  A#7sus4
10:57:52 INFO  C7
10:57:54 INFO  Fsus4
10:57:56 INFO  Fsus4
10:57:58 INFO  Edim
10:57:59 INFO  Edim
10:57:59 INFO  Edim
10:58:00 INFO  Edim
10:58:01 INFO  Edim7
10:58:04 INFO  Em7b5
10:58:05 INFO  Edim7
10:58:06 INFO  Em7b5
10:58:08 INFO  Dm7b5
10:58:10 INFO  Em7b5
10:58:15 INFO  E
10:58:17 INFO  Em7b5(9)
10:58:21 INFO  Gm7
10:58:23 INFO  Gm7b5
10:58:24 INFO  Gm7b5
10:58:29 INFO  Caug
10:58:31 INFO  Caug
10:58:36 INFO  C7(b913)
10:58:38 INFO  C7(b913)
10:59:10 DEBUG Closing MIDI port: Nord Piano 6 MIDI 0
10:59:10 DEBUG MIDI reader thread stopped
